<?xml version="1.0" encoding="UTF-8"?>
<robot generator="Robot 6.1.1 (Python 3.12.0 on win32)" generated="20231211 10:56:03.793" rpa="false" schemaversion="4">
<suite id="s1" name="Amazon Testes" source="C:\CursoUdemy\RobotFramework\WebTesting\amazon_testes.robot">
<test id="s1-t1" name="Caso de Testes 01 - Acesso ao menu &quot;Eletrônicos&quot;" line="10">
<kw name="Abrir o navegador" library="amazon_resources" type="SETUP">
<kw name="Open Browser" library="SeleniumLibrary">
<arg>browser=chrome</arg>
<doc>Opens a new browser instance to the optional ``url``.</doc>
<msg timestamp="20231211 10:56:04.202" level="INFO">Opening browser 'chrome' to base url 'None'.</msg>
<status status="PASS" starttime="20231211 10:56:04.202" endtime="20231211 10:56:13.402"/>
</kw>
<kw name="Maximize Browser Window" library="SeleniumLibrary">
<doc>Maximizes current browser window.</doc>
<status status="PASS" starttime="20231211 10:56:13.402" endtime="20231211 10:56:13.542"/>
</kw>
<status status="PASS" starttime="20231211 10:56:04.202" endtime="20231211 10:56:13.542"/>
</kw>
<kw name=" Acessar a home page do site Amazon.com.br" library="amazon_resources">
<kw name="Go To" library="SeleniumLibrary">
<arg>url=${URL}</arg>
<doc>Navigates the current browser window to the provided ``url``.</doc>
<msg timestamp="20231211 10:56:13.542" level="INFO">Opening url 'http://www.amazon.com.br'</msg>
<status status="PASS" starttime="20231211 10:56:13.542" endtime="20231211 10:56:18.516"/>
</kw>
<kw name="Wait Until Element Is Visible" library="SeleniumLibrary">
<arg>locator=${MENU_ELETRONICOS}</arg>
<doc>Waits until the element ``locator`` is visible.</doc>
<status status="PASS" starttime="20231211 10:56:18.516" endtime="20231211 10:56:19.145"/>
</kw>
<status status="PASS" starttime="20231211 10:56:13.542" endtime="20231211 10:56:19.145"/>
</kw>
<doc>Esse teste verifica o menu eletrônico da Amazon.com.br
e verifica a categoria de computadores e informática</doc>
<tag>categorias</tag>
<tag>menus</tag>
<status status="PASS" starttime="20231211 10:56:04.202" endtime="20231211 10:56:19.145"/>
</test>
<doc>Essa suíte testa o site da Amazon.com.busca_produtos</doc>
<status status="PASS" starttime="20231211 10:56:03.802" endtime="20231211 10:56:19.145"/>
</suite>
<statistics>
<total>
<stat pass="1" fail="0" skip="0">All Tests</stat>
</total>
<tag>
<stat pass="1" fail="0" skip="0">categorias</stat>
<stat pass="1" fail="0" skip="0">menus</stat>
</tag>
<suite>
<stat pass="1" fail="0" skip="0" id="s1" name="Amazon Testes">Amazon Testes</stat>
</suite>
</statistics>
<errors>
</errors>
</robot>
