<?xml version="1.0" encoding="UTF-8"?>
<robot generator="Robot 6.1.1 (Python 3.12.0 on win32)" generated="20231218 10:32:04.993" rpa="false" schemaversion="4">
<suite id="s1" name="Amazon Testes Copy" source="C:\CursoUdemy\RobotFramework\WebTesting\amazon_testes copy.robot">
<test id="s1-t1" name="Caso de Testes 01 - Acesso ao menu &quot;Eletrônicos&quot;" line="10">
<kw name="Abrir o navegador" library="amazon_resources" type="SETUP">
<kw name="Open Browser" library="SeleniumLibrary">
<arg>browser=chrome</arg>
<doc>Opens a new browser instance to the optional ``url``.</doc>
<msg timestamp="20231218 10:32:05.256" level="INFO">Opening browser 'chrome' to base url 'None'.</msg>
<status status="PASS" starttime="20231218 10:32:05.256" endtime="20231218 10:32:11.234"/>
</kw>
<kw name="Maximize Browser Window" library="SeleniumLibrary">
<doc>Maximizes current browser window.</doc>
<status status="PASS" starttime="20231218 10:32:11.234" endtime="20231218 10:32:11.371"/>
</kw>
<status status="PASS" starttime="20231218 10:32:05.256" endtime="20231218 10:32:11.371"/>
</kw>
<kw name="Dado que esteja no site Amazon.com.br" library="amazon_resources">
<kw name=" Acessar a home page do site Amazon.com.br" library="amazon_resources">
<kw name="Go To" library="SeleniumLibrary">
<arg>url=${URL}</arg>
<doc>Navigates the current browser window to the provided ``url``.</doc>
<msg timestamp="20231218 10:32:11.373" level="INFO">Opening url 'http://www.amazon.com.br'</msg>
<status status="PASS" starttime="20231218 10:32:11.373" endtime="20231218 10:32:12.951"/>
</kw>
<kw name="Wait Until Element Is Visible" library="SeleniumLibrary">
<arg>locator=${MENU_ELETRONICOS}</arg>
<doc>Waits until the element ``locator`` is visible.</doc>
<msg timestamp="20231218 10:32:18.280" level="INFO" html="true">&lt;/td&gt;&lt;/tr&gt;&lt;tr&gt;&lt;td colspan="3"&gt;&lt;a href="selenium-screenshot-1.png"&gt;&lt;img src="selenium-screenshot-1.png" width="800px"&gt;&lt;/a&gt;</msg>
<msg timestamp="20231218 10:32:18.280" level="FAIL">Element '//a[@href='/Eletronicos-e-Tecnologia/b/?ie=UTF8&amp;node=16209062011&amp;ref_=nav_cs_electronics'][contains(.,'Eletrônicos')]' not visible after 5 seconds.</msg>
<status status="FAIL" starttime="20231218 10:32:12.951" endtime="20231218 10:32:18.347"/>
</kw>
<status status="FAIL" starttime="20231218 10:32:11.373" endtime="20231218 10:32:18.347"/>
</kw>
<kw name="Verificar se o título da página fica &quot;Amazon.com.br | Tudo pra você, de A a Z.&quot;" library="amazon_resources" sourcename="Verificar se o título da página fica &quot;${TITULO}&quot;">
<status status="NOT RUN" starttime="20231218 10:32:18.347" endtime="20231218 10:32:18.347"/>
</kw>
<status status="FAIL" starttime="20231218 10:32:11.371" endtime="20231218 10:32:18.347"/>
</kw>
<kw name="Quando acessar o menu &quot;Eletrônicos&quot;" library="amazon_resources">
<status status="NOT RUN" starttime="20231218 10:32:18.347" endtime="20231218 10:32:18.347"/>
</kw>
<kw name="E Verificar se o título da página fica &quot;Eletrônicos e Tecnologia | Amazon.com.br&quot;" library="amazon_resources">
<status status="NOT RUN" starttime="20231218 10:32:18.347" endtime="20231218 10:32:18.347"/>
</kw>
<kw name="E Verificar se aparece a frase &quot;Eletrônicos e Tecnologia&quot;" library="amazon_resources">
<status status="NOT RUN" starttime="20231218 10:32:18.347" endtime="20231218 10:32:18.347"/>
</kw>
<kw name="Então Verificar se aparece a categoria &quot;Computadores e Informática&quot;" library="amazon_resources">
<status status="NOT RUN" starttime="20231218 10:32:18.347" endtime="20231218 10:32:18.347"/>
</kw>
<kw name="Fechar o navegador" library="amazon_resources" type="TEARDOWN">
<kw name="Capture Page Screenshot" library="SeleniumLibrary">
<doc>Takes a screenshot of the current page and embeds it into a log file.</doc>
<msg timestamp="20231218 10:32:18.662" level="INFO" html="true">&lt;/td&gt;&lt;/tr&gt;&lt;tr&gt;&lt;td colspan="3"&gt;&lt;a href="selenium-screenshot-2.png"&gt;&lt;img src="selenium-screenshot-2.png" width="800px"&gt;&lt;/a&gt;</msg>
<status status="PASS" starttime="20231218 10:32:18.347" endtime="20231218 10:32:18.662"/>
</kw>
<kw name="Close Browser" library="SeleniumLibrary">
<doc>Closes the current browser.</doc>
<status status="PASS" starttime="20231218 10:32:18.662" endtime="20231218 10:32:21.094"/>
</kw>
<status status="PASS" starttime="20231218 10:32:18.347" endtime="20231218 10:32:21.094"/>
</kw>
<doc>Esse teste verifica o menu eletrônico da Amazon.com.br
e verifica a categoria de computadores e informática</doc>
<tag>bdd</tag>
<tag>categorias</tag>
<status status="FAIL" starttime="20231218 10:32:05.256" endtime="20231218 10:32:21.094">Element '//a[@href='/Eletronicos-e-Tecnologia/b/?ie=UTF8&amp;node=16209062011&amp;ref_=nav_cs_electronics'][contains(.,'Eletrônicos')]' not visible after 5 seconds.</status>
</test>
<test id="s1-t2" name="Caso de Testes 02 - Pesquisa de um Produto" line="21">
<kw name="Abrir o navegador" library="amazon_resources" type="SETUP">
<kw name="Open Browser" library="SeleniumLibrary">
<arg>browser=chrome</arg>
<doc>Opens a new browser instance to the optional ``url``.</doc>
<msg timestamp="20231218 10:32:21.099" level="INFO">Opening browser 'chrome' to base url 'None'.</msg>
<status status="PASS" starttime="20231218 10:32:21.099" endtime="20231218 10:32:23.239"/>
</kw>
<kw name="Maximize Browser Window" library="SeleniumLibrary">
<doc>Maximizes current browser window.</doc>
<status status="PASS" starttime="20231218 10:32:23.239" endtime="20231218 10:32:23.384"/>
</kw>
<status status="PASS" starttime="20231218 10:32:21.099" endtime="20231218 10:32:23.384"/>
</kw>
<kw name="Dado que esteja no site Amazon.com.br" library="amazon_resources">
<kw name=" Acessar a home page do site Amazon.com.br" library="amazon_resources">
<kw name="Go To" library="SeleniumLibrary">
<arg>url=${URL}</arg>
<doc>Navigates the current browser window to the provided ``url``.</doc>
<msg timestamp="20231218 10:32:23.389" level="INFO">Opening url 'http://www.amazon.com.br'</msg>
<status status="PASS" starttime="20231218 10:32:23.389" endtime="20231218 10:32:29.602"/>
</kw>
<kw name="Wait Until Element Is Visible" library="SeleniumLibrary">
<arg>locator=${MENU_ELETRONICOS}</arg>
<doc>Waits until the element ``locator`` is visible.</doc>
<status status="PASS" starttime="20231218 10:32:29.602" endtime="20231218 10:32:29.860"/>
</kw>
<status status="PASS" starttime="20231218 10:32:23.388" endtime="20231218 10:32:29.860"/>
</kw>
<kw name="Verificar se o título da página fica &quot;Amazon.com.br | Tudo pra você, de A a Z.&quot;" library="amazon_resources" sourcename="Verificar se o título da página fica &quot;${TITULO}&quot;">
<kw name="Title Should Be" library="SeleniumLibrary">
<arg>title=${TITULO}</arg>
<doc>Verifies that the current page title equals ``title``.</doc>
<msg timestamp="20231218 10:32:29.868" level="INFO">Page title is 'Amazon.com.br | Tudo pra você, de A a Z.'.</msg>
<status status="PASS" starttime="20231218 10:32:29.860" endtime="20231218 10:32:29.868"/>
</kw>
<status status="PASS" starttime="20231218 10:32:29.860" endtime="20231218 10:32:29.868"/>
</kw>
<status status="PASS" starttime="20231218 10:32:23.388" endtime="20231218 10:32:29.868"/>
</kw>
<kw name="Quando Digitar o nome de produto &quot;Xbox Series S&quot; no campo de pesquisa" library="amazon_resources">
<kw name="Digitar o nome de produto &quot;Xbox Series S&quot; no campo de pesquisa" library="amazon_resources" sourcename="Digitar o nome de produto &quot;${PRODUTO}&quot; no campo de pesquisa">
<kw name="Input Text" library="SeleniumLibrary">
<arg>locator=twotabsearchtextbox</arg>
<arg>text=${PRODUTO}</arg>
<doc>Types the given ``text`` into the text field identified by ``locator``.</doc>
<msg timestamp="20231218 10:32:29.871" level="INFO">Typing text 'Xbox Series S' into text field 'twotabsearchtextbox'.</msg>
<status status="PASS" starttime="20231218 10:32:29.870" endtime="20231218 10:32:30.164"/>
</kw>
<status status="PASS" starttime="20231218 10:32:29.869" endtime="20231218 10:32:30.165"/>
</kw>
<kw name="Clicar no botão de pesquisa" library="amazon_resources">
<kw name="Click Element" library="SeleniumLibrary">
<arg>locator=nav-search-submit-button</arg>
<doc>Click the element identified by ``locator``.</doc>
<msg timestamp="20231218 10:32:30.166" level="INFO">Clicking element 'nav-search-submit-button'.</msg>
<status status="PASS" starttime="20231218 10:32:30.165" endtime="20231218 10:32:32.756"/>
</kw>
<status status="PASS" starttime="20231218 10:32:30.165" endtime="20231218 10:32:32.756"/>
</kw>
<status status="PASS" starttime="20231218 10:32:29.869" endtime="20231218 10:32:32.756"/>
</kw>
<kw name="Clicar no botão de pesquisa" library="amazon_resources">
<kw name="Click Element" library="SeleniumLibrary">
<arg>locator=nav-search-submit-button</arg>
<doc>Click the element identified by ``locator``.</doc>
<msg timestamp="20231218 10:32:32.758" level="INFO">Clicking element 'nav-search-submit-button'.</msg>
<status status="PASS" starttime="20231218 10:32:32.757" endtime="20231218 10:32:34.382"/>
</kw>
<status status="PASS" starttime="20231218 10:32:32.756" endtime="20231218 10:32:34.383"/>
</kw>
<kw name="Então Verficar o resultado da pesquisa se está listando o produto &quot;Console Xbox Series S&quot;" library="amazon_resources">
<kw name="Verficar o resultado da pesquisa se está listando o produto &quot;Console Xbox Series S&quot;" library="amazon_resources" sourcename="Verficar o resultado da pesquisa se está listando o produto &quot;${PRODUTO}&quot;">
<kw name="Wait Until Element Is Visible" library="SeleniumLibrary">
<arg>locator=(//span[contains(.,'${PRODUTO}')])[3]</arg>
<doc>Waits until the element ``locator`` is visible.</doc>
<status status="PASS" starttime="20231218 10:32:34.384" endtime="20231218 10:32:34.440"/>
</kw>
<status status="PASS" starttime="20231218 10:32:34.384" endtime="20231218 10:32:34.440"/>
</kw>
<status status="PASS" starttime="20231218 10:32:34.384" endtime="20231218 10:32:34.440"/>
</kw>
<kw name="Fechar o navegador" library="amazon_resources" type="TEARDOWN">
<kw name="Capture Page Screenshot" library="SeleniumLibrary">
<doc>Takes a screenshot of the current page and embeds it into a log file.</doc>
<msg timestamp="20231218 10:32:34.872" level="INFO" html="true">&lt;/td&gt;&lt;/tr&gt;&lt;tr&gt;&lt;td colspan="3"&gt;&lt;a href="selenium-screenshot-3.png"&gt;&lt;img src="selenium-screenshot-3.png" width="800px"&gt;&lt;/a&gt;</msg>
<status status="PASS" starttime="20231218 10:32:34.443" endtime="20231218 10:32:34.872"/>
</kw>
<kw name="Close Browser" library="SeleniumLibrary">
<doc>Closes the current browser.</doc>
<status status="PASS" starttime="20231218 10:32:34.878" endtime="20231218 10:32:37.265"/>
</kw>
<status status="PASS" starttime="20231218 10:32:34.442" endtime="20231218 10:32:37.266"/>
</kw>
<doc>Esse teste verifica a busca de um produto</doc>
<tag>busca_produtos</tag>
<tag>lista_busca</tag>
<status status="PASS" starttime="20231218 10:32:21.099" endtime="20231218 10:32:37.266"/>
</test>
<test id="s1-t3" name="Caso de Teste 03 - Adicionar Produto no Carrinho" line="29">
<kw name="Abrir o navegador" library="amazon_resources" type="SETUP">
<kw name="Open Browser" library="SeleniumLibrary">
<arg>browser=chrome</arg>
<doc>Opens a new browser instance to the optional ``url``.</doc>
<msg timestamp="20231218 10:32:37.266" level="INFO">Opening browser 'chrome' to base url 'None'.</msg>
<status status="PASS" starttime="20231218 10:32:37.266" endtime="20231218 10:32:39.249"/>
</kw>
<kw name="Maximize Browser Window" library="SeleniumLibrary">
<doc>Maximizes current browser window.</doc>
<status status="PASS" starttime="20231218 10:32:39.249" endtime="20231218 10:32:39.386"/>
</kw>
<status status="PASS" starttime="20231218 10:32:37.266" endtime="20231218 10:32:39.386"/>
</kw>
<kw name="Dado que estou na home page da Amazon.com.br" library="amazon_resources">
<kw name=" Acessar a home page do site Amazon.com.br" library="amazon_resources">
<kw name="Go To" library="SeleniumLibrary">
<arg>url=${URL}</arg>
<doc>Navigates the current browser window to the provided ``url``.</doc>
<msg timestamp="20231218 10:32:39.388" level="INFO">Opening url 'http://www.amazon.com.br'</msg>
<status status="PASS" starttime="20231218 10:32:39.388" endtime="20231218 10:32:43.318"/>
</kw>
<kw name="Wait Until Element Is Visible" library="SeleniumLibrary">
<arg>locator=${MENU_ELETRONICOS}</arg>
<doc>Waits until the element ``locator`` is visible.</doc>
<status status="PASS" starttime="20231218 10:32:43.318" endtime="20231218 10:32:43.349"/>
</kw>
<status status="PASS" starttime="20231218 10:32:39.388" endtime="20231218 10:32:43.350"/>
</kw>
<kw name="Verificar se o título da página fica &quot;Amazon.com.br | Tudo pra você, de A a Z.&quot;" library="amazon_resources" sourcename="Verificar se o título da página fica &quot;${TITULO}&quot;">
<kw name="Title Should Be" library="SeleniumLibrary">
<arg>title=${TITULO}</arg>
<doc>Verifies that the current page title equals ``title``.</doc>
<msg timestamp="20231218 10:32:43.355" level="INFO">Page title is 'Amazon.com.br | Tudo pra você, de A a Z.'.</msg>
<status status="PASS" starttime="20231218 10:32:43.350" endtime="20231218 10:32:43.355"/>
</kw>
<status status="PASS" starttime="20231218 10:32:43.350" endtime="20231218 10:32:43.355"/>
</kw>
<status status="PASS" starttime="20231218 10:32:39.388" endtime="20231218 10:32:43.355"/>
</kw>
<kw name="Quando adicionar o produto &quot;Console Xbox Series S&quot; no carrinho" library="amazon_resources">
<kw name="Digitar o nome de produto &quot;Xbox Series S&quot; no campo de pesquisa" library="amazon_resources" sourcename="Digitar o nome de produto &quot;${PRODUTO}&quot; no campo de pesquisa">
<kw name="Input Text" library="SeleniumLibrary">
<arg>locator=twotabsearchtextbox</arg>
<arg>text=${PRODUTO}</arg>
<doc>Types the given ``text`` into the text field identified by ``locator``.</doc>
<msg timestamp="20231218 10:32:43.359" level="INFO">Typing text 'Xbox Series S' into text field 'twotabsearchtextbox'.</msg>
<status status="PASS" starttime="20231218 10:32:43.358" endtime="20231218 10:32:43.684"/>
</kw>
<status status="PASS" starttime="20231218 10:32:43.357" endtime="20231218 10:32:43.684"/>
</kw>
<kw name="Clicar no botão de pesquisa" library="amazon_resources">
<kw name="Click Element" library="SeleniumLibrary">
<arg>locator=nav-search-submit-button</arg>
<doc>Click the element identified by ``locator``.</doc>
<msg timestamp="20231218 10:32:43.686" level="INFO">Clicking element 'nav-search-submit-button'.</msg>
<status status="PASS" starttime="20231218 10:32:43.684" endtime="20231218 10:32:46.526"/>
</kw>
<status status="PASS" starttime="20231218 10:32:43.684" endtime="20231218 10:32:46.526"/>
</kw>
<status status="PASS" starttime="20231218 10:32:43.357" endtime="20231218 10:32:46.526"/>
</kw>
<kw name="E Clicar no Aparelho" library="amazon_resources">
<kw name="Clicar no aparelho" library="amazon_resources">
<kw name="Click Element" library="SeleniumLibrary">
<arg>locator=//img[contains(@alt,'Console Xbox Series S')]</arg>
<doc>Click the element identified by ``locator``.</doc>
<msg timestamp="20231218 10:32:46.545" level="INFO">Clicking element '//img[contains(@alt,'Console Xbox Series S')]'.</msg>
<status status="PASS" starttime="20231218 10:32:46.544" endtime="20231218 10:32:51.457"/>
</kw>
<kw name="Click Element" library="SeleniumLibrary">
<arg>locator=//input[@name='submit.add-to-cart']</arg>
<doc>Click the element identified by ``locator``.</doc>
<msg timestamp="20231218 10:32:51.458" level="INFO">Clicking element '//input[@name='submit.add-to-cart']'.</msg>
<status status="PASS" starttime="20231218 10:32:51.457" endtime="20231218 10:32:53.027"/>
</kw>
<status status="PASS" starttime="20231218 10:32:46.542" endtime="20231218 10:32:53.027"/>
</kw>
<status status="PASS" starttime="20231218 10:32:46.542" endtime="20231218 10:32:53.027"/>
</kw>
<kw name="Verificar o resultado da pesquisa se está listando o produto &quot;Adicionado ao carrinho&quot;" library="amazon_resources">
<kw name="Wait Until Page Contains" library="SeleniumLibrary">
<arg>text=Adicionado ao carrinho</arg>
<doc>Waits until ``text`` appears on the current page.</doc>
<status status="PASS" starttime="20231218 10:32:53.028" endtime="20231218 10:32:53.136"/>
</kw>
<status status="PASS" starttime="20231218 10:32:53.027" endtime="20231218 10:32:53.136"/>
</kw>
<kw name="Fechar o navegador" library="amazon_resources" type="TEARDOWN">
<kw name="Capture Page Screenshot" library="SeleniumLibrary">
<doc>Takes a screenshot of the current page and embeds it into a log file.</doc>
<msg timestamp="20231218 10:32:53.515" level="INFO" html="true">&lt;/td&gt;&lt;/tr&gt;&lt;tr&gt;&lt;td colspan="3"&gt;&lt;a href="selenium-screenshot-4.png"&gt;&lt;img src="selenium-screenshot-4.png" width="800px"&gt;&lt;/a&gt;</msg>
<status status="PASS" starttime="20231218 10:32:53.136" endtime="20231218 10:32:53.515"/>
</kw>
<kw name="Close Browser" library="SeleniumLibrary">
<doc>Closes the current browser.</doc>
<status status="PASS" starttime="20231218 10:32:53.515" endtime="20231218 10:32:56.067"/>
</kw>
<status status="PASS" starttime="20231218 10:32:53.136" endtime="20231218 10:32:56.067"/>
</kw>
<doc>Esse teste verifica a adição de um produto no carrinho de compras</doc>
<tag>adicionar_carrinho</tag>
<status status="PASS" starttime="20231218 10:32:37.266" endtime="20231218 10:32:56.067"/>
</test>
<test id="s1-t4" name="Caso de Teste 04 - Remover Produto do Carrinho" line="38">
<kw name="Abrir o navegador" library="amazon_resources" type="SETUP">
<kw name="Open Browser" library="SeleniumLibrary">
<arg>browser=chrome</arg>
<doc>Opens a new browser instance to the optional ``url``.</doc>
<msg timestamp="20231218 10:32:56.067" level="INFO">Opening browser 'chrome' to base url 'None'.</msg>
<status status="PASS" starttime="20231218 10:32:56.067" endtime="20231218 10:32:57.978"/>
</kw>
<kw name="Maximize Browser Window" library="SeleniumLibrary">
<doc>Maximizes current browser window.</doc>
<status status="PASS" starttime="20231218 10:32:57.978" endtime="20231218 10:32:58.121"/>
</kw>
<status status="PASS" starttime="20231218 10:32:56.067" endtime="20231218 10:32:58.121"/>
</kw>
<kw name="Dado que estou na home page da Amazon.com.br" library="amazon_resources">
<kw name=" Acessar a home page do site Amazon.com.br" library="amazon_resources">
<kw name="Go To" library="SeleniumLibrary">
<arg>url=${URL}</arg>
<doc>Navigates the current browser window to the provided ``url``.</doc>
<msg timestamp="20231218 10:32:58.121" level="INFO">Opening url 'http://www.amazon.com.br'</msg>
<status status="PASS" starttime="20231218 10:32:58.121" endtime="20231218 10:33:03.550"/>
</kw>
<kw name="Wait Until Element Is Visible" library="SeleniumLibrary">
<arg>locator=${MENU_ELETRONICOS}</arg>
<doc>Waits until the element ``locator`` is visible.</doc>
<status status="PASS" starttime="20231218 10:33:03.550" endtime="20231218 10:33:03.587"/>
</kw>
<status status="PASS" starttime="20231218 10:32:58.121" endtime="20231218 10:33:03.587"/>
</kw>
<kw name="Verificar se o título da página fica &quot;Amazon.com.br | Tudo pra você, de A a Z.&quot;" library="amazon_resources" sourcename="Verificar se o título da página fica &quot;${TITULO}&quot;">
<kw name="Title Should Be" library="SeleniumLibrary">
<arg>title=${TITULO}</arg>
<doc>Verifies that the current page title equals ``title``.</doc>
<msg timestamp="20231218 10:33:03.597" level="INFO">Page title is 'Amazon.com.br | Tudo pra você, de A a Z.'.</msg>
<status status="PASS" starttime="20231218 10:33:03.587" endtime="20231218 10:33:03.597"/>
</kw>
<status status="PASS" starttime="20231218 10:33:03.587" endtime="20231218 10:33:03.597"/>
</kw>
<status status="PASS" starttime="20231218 10:32:58.121" endtime="20231218 10:33:03.597"/>
</kw>
<kw name="Quando adicionar o produto &quot;Console Xbox Series S&quot; no carrinho" library="amazon_resources">
<kw name="Digitar o nome de produto &quot;Xbox Series S&quot; no campo de pesquisa" library="amazon_resources" sourcename="Digitar o nome de produto &quot;${PRODUTO}&quot; no campo de pesquisa">
<kw name="Input Text" library="SeleniumLibrary">
<arg>locator=twotabsearchtextbox</arg>
<arg>text=${PRODUTO}</arg>
<doc>Types the given ``text`` into the text field identified by ``locator``.</doc>
<msg timestamp="20231218 10:33:03.597" level="INFO">Typing text 'Xbox Series S' into text field 'twotabsearchtextbox'.</msg>
<status status="PASS" starttime="20231218 10:33:03.597" endtime="20231218 10:33:03.919"/>
</kw>
<status status="PASS" starttime="20231218 10:33:03.597" endtime="20231218 10:33:03.919"/>
</kw>
<kw name="Clicar no botão de pesquisa" library="amazon_resources">
<kw name="Click Element" library="SeleniumLibrary">
<arg>locator=nav-search-submit-button</arg>
<doc>Click the element identified by ``locator``.</doc>
<msg timestamp="20231218 10:33:03.919" level="INFO">Clicking element 'nav-search-submit-button'.</msg>
<status status="PASS" starttime="20231218 10:33:03.919" endtime="20231218 10:33:06.215"/>
</kw>
<status status="PASS" starttime="20231218 10:33:03.919" endtime="20231218 10:33:06.215"/>
</kw>
<status status="PASS" starttime="20231218 10:33:03.597" endtime="20231218 10:33:06.215"/>
</kw>
<kw name="E Clicar no Aparelho" library="amazon_resources">
<kw name="Clicar no aparelho" library="amazon_resources">
<kw name="Click Element" library="SeleniumLibrary">
<arg>locator=//img[contains(@alt,'Console Xbox Series S')]</arg>
<doc>Click the element identified by ``locator``.</doc>
<msg timestamp="20231218 10:33:06.219" level="INFO">Clicking element '//img[contains(@alt,'Console Xbox Series S')]'.</msg>
<status status="PASS" starttime="20231218 10:33:06.219" endtime="20231218 10:33:16.239"/>
</kw>
<kw name="Click Element" library="SeleniumLibrary">
<arg>locator=//input[@name='submit.add-to-cart']</arg>
<doc>Click the element identified by ``locator``.</doc>
<msg timestamp="20231218 10:33:16.240" level="INFO">Clicking element '//input[@name='submit.add-to-cart']'.</msg>
<status status="PASS" starttime="20231218 10:33:16.239" endtime="20231218 10:33:18.847"/>
</kw>
<status status="PASS" starttime="20231218 10:33:06.219" endtime="20231218 10:33:18.847"/>
</kw>
<status status="PASS" starttime="20231218 10:33:06.219" endtime="20231218 10:33:18.847"/>
</kw>
<kw name="Verificar o resultado da pesquisa se está listando o produto &quot;Adicionado ao carrinho&quot;" library="amazon_resources">
<kw name="Wait Until Page Contains" library="SeleniumLibrary">
<arg>text=Adicionado ao carrinho</arg>
<doc>Waits until ``text`` appears on the current page.</doc>
<status status="PASS" starttime="20231218 10:33:18.847" endtime="20231218 10:33:19.191"/>
</kw>
<status status="PASS" starttime="20231218 10:33:18.847" endtime="20231218 10:33:19.191"/>
</kw>
<kw name="Quando remover o produto &quot;Console Xbox Series S&quot; do carrinho" library="amazon_resources">
<kw name="Clicar limpar carrinho" library="amazon_resources">
<kw name="Click Element" library="SeleniumLibrary">
<arg>locator=//span[contains(@class,'nav-cart-count nav-cart-1 nav-progressive-attribute nav-progressive-content')]</arg>
<doc>Click the element identified by ``locator``.</doc>
<msg timestamp="20231218 10:33:19.233" level="INFO">Clicking element '//span[contains(@class,'nav-cart-count nav-cart-1 nav-progressive-attribute nav-progressive-content')]'.</msg>
<status status="PASS" starttime="20231218 10:33:19.233" endtime="20231218 10:33:20.844"/>
</kw>
<kw name="Click Element" library="SeleniumLibrary">
<arg>locator=//input[@value='Excluir']</arg>
<doc>Click the element identified by ``locator``.</doc>
<msg timestamp="20231218 10:33:20.846" level="INFO">Clicking element '//input[@value='Excluir']'.</msg>
<status status="PASS" starttime="20231218 10:33:20.844" endtime="20231218 10:33:21.121"/>
</kw>
<status status="PASS" starttime="20231218 10:33:19.233" endtime="20231218 10:33:21.121"/>
</kw>
<status status="PASS" starttime="20231218 10:33:19.233" endtime="20231218 10:33:21.121"/>
</kw>
<kw name="Então o carrinho deve ficar vazio" library="amazon_resources">
<kw name="Verificar se o carrinho está vazio" library="amazon_resources">
<kw name="Wait Until Page Contains" library="SeleniumLibrary">
<arg>text=Seu carrinho de compras da Amazon está vazio.</arg>
<doc>Waits until ``text`` appears on the current page.</doc>
<status status="PASS" starttime="20231218 10:33:21.125" endtime="20231218 10:33:21.447"/>
</kw>
<status status="PASS" starttime="20231218 10:33:21.125" endtime="20231218 10:33:21.447"/>
</kw>
<status status="PASS" starttime="20231218 10:33:21.125" endtime="20231218 10:33:21.447"/>
</kw>
<kw name="Fechar o navegador" library="amazon_resources" type="TEARDOWN">
<kw name="Capture Page Screenshot" library="SeleniumLibrary">
<doc>Takes a screenshot of the current page and embeds it into a log file.</doc>
<msg timestamp="20231218 10:33:21.680" level="INFO" html="true">&lt;/td&gt;&lt;/tr&gt;&lt;tr&gt;&lt;td colspan="3"&gt;&lt;a href="selenium-screenshot-5.png"&gt;&lt;img src="selenium-screenshot-5.png" width="800px"&gt;&lt;/a&gt;</msg>
<status status="PASS" starttime="20231218 10:33:21.449" endtime="20231218 10:33:21.680"/>
</kw>
<kw name="Close Browser" library="SeleniumLibrary">
<doc>Closes the current browser.</doc>
<status status="PASS" starttime="20231218 10:33:21.680" endtime="20231218 10:33:24.522"/>
</kw>
<status status="PASS" starttime="20231218 10:33:21.449" endtime="20231218 10:33:24.522"/>
</kw>
<doc>Esse teste verifica a remoção de um produto no carrinho de compras</doc>
<tag>remover_carrinho</tag>
<status status="PASS" starttime="20231218 10:32:56.067" endtime="20231218 10:33:24.522"/>
</test>
<doc>Essa suíte testa o site da Amazon.com.busca_produtos</doc>
<status status="FAIL" starttime="20231218 10:32:04.993" endtime="20231218 10:33:24.522"/>
</suite>
<statistics>
<total>
<stat pass="3" fail="1" skip="0">All Tests</stat>
</total>
<tag>
<stat pass="1" fail="0" skip="0">adicionar_carrinho</stat>
<stat pass="0" fail="1" skip="0">bdd</stat>
<stat pass="1" fail="0" skip="0">busca_produtos</stat>
<stat pass="0" fail="1" skip="0">categorias</stat>
<stat pass="1" fail="0" skip="0">lista_busca</stat>
<stat pass="1" fail="0" skip="0">remover_carrinho</stat>
</tag>
<suite>
<stat pass="3" fail="1" skip="0" id="s1" name="Amazon Testes Copy">Amazon Testes Copy</stat>
</suite>
</statistics>
<errors>
</errors>
</robot>
