<?xml version="1.0" encoding="UTF-8"?>
<robot generator="Robot 6.1.1 (Python 3.12.0 on win32)" generated="20231216 08:23:29.118" rpa="false" schemaversion="4">
<suite id="s1" name="Amazon Testes" source="C:\CursoUdemy\RobotFramework\WebTesting\amazon_testes.robot">
<test id="s1-t1" name="Caso de Testes 01 - Acesso ao menu &quot;Eletrônicos&quot;" line="10">
<kw name="Abrir o navegador" library="amazon_resources" type="SETUP">
<kw name="Open Browser" library="SeleniumLibrary">
<arg>browser=chrome</arg>
<doc>Opens a new browser instance to the optional ``url``.</doc>
<msg timestamp="20231216 08:23:29.526" level="INFO">Opening browser 'chrome' to base url 'None'.</msg>
<status status="PASS" starttime="20231216 08:23:29.526" endtime="20231216 08:23:36.518"/>
</kw>
<kw name="Maximize Browser Window" library="SeleniumLibrary">
<doc>Maximizes current browser window.</doc>
<status status="PASS" starttime="20231216 08:23:36.525" endtime="20231216 08:23:36.644"/>
</kw>
<status status="PASS" starttime="20231216 08:23:29.526" endtime="20231216 08:23:36.644"/>
</kw>
<kw name=" Acessar a home page do site Amazon.com.br" library="amazon_resources">
<kw name="Go To" library="SeleniumLibrary">
<arg>url=${URL}</arg>
<doc>Navigates the current browser window to the provided ``url``.</doc>
<msg timestamp="20231216 08:23:36.645" level="INFO">Opening url 'http://www.amazon.com.br'</msg>
<status status="PASS" starttime="20231216 08:23:36.644" endtime="20231216 08:23:39.172"/>
</kw>
<kw name="Wait Until Element Is Visible" library="SeleniumLibrary">
<arg>locator=${MENU_ELETRONICOS}</arg>
<doc>Waits until the element ``locator`` is visible.</doc>
<status status="PASS" starttime="20231216 08:23:39.172" endtime="20231216 08:23:39.913"/>
</kw>
<status status="PASS" starttime="20231216 08:23:36.644" endtime="20231216 08:23:39.913"/>
</kw>
<kw name="Verificar se o título da página fica &quot;Amazon.com.br | Tudo pra você, de A a Z.&quot;" library="amazon_resources" sourcename="Verificar se o título da página fica &quot;${TITULO}&quot;">
<kw name="Title Should Be" library="SeleniumLibrary">
<arg>title=${TITULO}</arg>
<doc>Verifies that the current page title equals ``title``.</doc>
<msg timestamp="20231216 08:23:39.924" level="INFO">Page title is 'Amazon.com.br | Tudo pra você, de A a Z.'.</msg>
<status status="PASS" starttime="20231216 08:23:39.914" endtime="20231216 08:23:39.924"/>
</kw>
<status status="PASS" starttime="20231216 08:23:39.913" endtime="20231216 08:23:39.924"/>
</kw>
<kw name="Entrar no menu &quot;Eletrônicos&quot;" library="amazon_resources">
<kw name="Click Element" library="SeleniumLibrary">
<arg>locator=${MENU_ELETRONICOS}</arg>
<doc>Click the element identified by ``locator``.</doc>
<msg timestamp="20231216 08:23:39.925" level="INFO">Clicking element '//a[@href='/Eletronicos-e-Tecnologia/b/?ie=UTF8&amp;node=16209062011&amp;ref_=nav_cs_electronics'][contains(.,'Eletrônicos')]'.</msg>
<status status="PASS" starttime="20231216 08:23:39.924" endtime="20231216 08:23:43.717"/>
</kw>
<status status="PASS" starttime="20231216 08:23:39.924" endtime="20231216 08:23:43.717"/>
</kw>
<kw name="Verificar se aparece a frase &quot;Eletrônicos e Tecnologia&quot;" library="amazon_resources">
<kw name="Wait Until Page Contains" library="SeleniumLibrary">
<arg>text= ${TEXTO_HEADER_ELETRONICOS}</arg>
<doc>Waits until ``text`` appears on the current page.</doc>
<status status="PASS" starttime="20231216 08:23:43.717" endtime="20231216 08:23:43.812"/>
</kw>
<kw name="Wait Until Element Is Visible" library="SeleniumLibrary">
<arg>locator=${HEADER_ELETRONICOS}</arg>
<doc>Waits until the element ``locator`` is visible.</doc>
<status status="PASS" starttime="20231216 08:23:43.812" endtime="20231216 08:23:43.981"/>
</kw>
<status status="PASS" starttime="20231216 08:23:43.717" endtime="20231216 08:23:43.981"/>
</kw>
<kw name="Verificar se o título da página fica &quot;Eletrônicos e Tecnologia | Amazon.com.br&quot;" library="amazon_resources" sourcename="Verificar se o título da página fica &quot;${TITULO}&quot;">
<kw name="Title Should Be" library="SeleniumLibrary">
<arg>title=${TITULO}</arg>
<doc>Verifies that the current page title equals ``title``.</doc>
<msg timestamp="20231216 08:23:44.030" level="INFO">Page title is 'Eletrônicos e Tecnologia | Amazon.com.br'.</msg>
<status status="PASS" starttime="20231216 08:23:43.982" endtime="20231216 08:23:44.030"/>
</kw>
<status status="PASS" starttime="20231216 08:23:43.981" endtime="20231216 08:23:44.030"/>
</kw>
<kw name="Verificar se aparece a categoria &quot;Computadores e Informática&quot;" library="amazon_resources" sourcename="Verificar se aparece a categoria &quot;${NOME_CATEGORIA}&quot;">
<kw name="Element Should Be Visible" library="SeleniumLibrary">
<arg>locator=//a[@aria-label='${NOME_CATEGORIA}']</arg>
<doc>Verifies that the element identified by ``locator`` is visible.</doc>
<msg timestamp="20231216 08:23:44.171" level="INFO">Element '//a[@aria-label='Computadores e Informática']' is displayed.</msg>
<status status="PASS" starttime="20231216 08:23:44.031" endtime="20231216 08:23:44.171"/>
</kw>
<status status="PASS" starttime="20231216 08:23:44.031" endtime="20231216 08:23:44.171"/>
</kw>
<kw name="Verificar se aparece a categoria &quot;Tablets&quot;" library="amazon_resources" sourcename="Verificar se aparece a categoria &quot;${NOME_CATEGORIA}&quot;">
<kw name="Element Should Be Visible" library="SeleniumLibrary">
<arg>locator=//a[@aria-label='${NOME_CATEGORIA}']</arg>
<doc>Verifies that the element identified by ``locator`` is visible.</doc>
<msg timestamp="20231216 08:23:44.286" level="INFO">Element '//a[@aria-label='Tablets']' is displayed.</msg>
<status status="PASS" starttime="20231216 08:23:44.173" endtime="20231216 08:23:44.286"/>
</kw>
<status status="PASS" starttime="20231216 08:23:44.171" endtime="20231216 08:23:44.286"/>
</kw>
<kw name="Fechar o navegador" library="amazon_resources" type="TEARDOWN">
<kw name="Capture Page Screenshot" library="SeleniumLibrary">
<doc>Takes a screenshot of the current page and embeds it into a log file.</doc>
<msg timestamp="20231216 08:23:44.668" level="INFO" html="true">&lt;/td&gt;&lt;/tr&gt;&lt;tr&gt;&lt;td colspan="3"&gt;&lt;a href="selenium-screenshot-3.png"&gt;&lt;img src="selenium-screenshot-3.png" width="800px"&gt;&lt;/a&gt;</msg>
<status status="PASS" starttime="20231216 08:23:44.286" endtime="20231216 08:23:44.668"/>
</kw>
<kw name="Close Browser" library="SeleniumLibrary">
<doc>Closes the current browser.</doc>
<status status="PASS" starttime="20231216 08:23:44.669" endtime="20231216 08:23:47.073"/>
</kw>
<status status="PASS" starttime="20231216 08:23:44.286" endtime="20231216 08:23:47.073"/>
</kw>
<doc>Esse teste verifica o menu eletrônico da Amazon.com.br
e verifica a categoria de computadores e informática</doc>
<tag>categorias</tag>
<tag>menus</tag>
<status status="PASS" starttime="20231216 08:23:29.526" endtime="20231216 08:23:47.073"/>
</test>
<test id="s1-t2" name="Caso de Testes 02 - Pesquisa de um Produto" line="23">
<kw name="Abrir o navegador" library="amazon_resources" type="SETUP">
<kw name="Open Browser" library="SeleniumLibrary">
<arg>browser=chrome</arg>
<doc>Opens a new browser instance to the optional ``url``.</doc>
<msg timestamp="20231216 08:23:47.073" level="INFO">Opening browser 'chrome' to base url 'None'.</msg>
<status status="PASS" starttime="20231216 08:23:47.073" endtime="20231216 08:23:50.268"/>
</kw>
<kw name="Maximize Browser Window" library="SeleniumLibrary">
<doc>Maximizes current browser window.</doc>
<status status="PASS" starttime="20231216 08:23:50.268" endtime="20231216 08:23:50.403"/>
</kw>
<status status="PASS" starttime="20231216 08:23:47.073" endtime="20231216 08:23:50.403"/>
</kw>
<kw name=" Acessar a home page do site Amazon.com.br" library="amazon_resources">
<kw name="Go To" library="SeleniumLibrary">
<arg>url=${URL}</arg>
<doc>Navigates the current browser window to the provided ``url``.</doc>
<msg timestamp="20231216 08:23:50.404" level="INFO">Opening url 'http://www.amazon.com.br'</msg>
<status status="PASS" starttime="20231216 08:23:50.404" endtime="20231216 08:23:52.996"/>
</kw>
<kw name="Wait Until Element Is Visible" library="SeleniumLibrary">
<arg>locator=${MENU_ELETRONICOS}</arg>
<doc>Waits until the element ``locator`` is visible.</doc>
<status status="PASS" starttime="20231216 08:23:52.996" endtime="20231216 08:23:53.250"/>
</kw>
<status status="PASS" starttime="20231216 08:23:50.404" endtime="20231216 08:23:53.250"/>
</kw>
<kw name="Digitar o nome de produto &quot;Xbox Series S&quot; no campo de pesquisa" library="amazon_resources" sourcename="Digitar o nome de produto &quot;${PRODUTO}&quot; no campo de pesquisa">
<kw name="Input Text" library="SeleniumLibrary">
<arg>locator=twotabsearchtextbox</arg>
<arg>text=${PRODUTO}</arg>
<doc>Types the given ``text`` into the text field identified by ``locator``.</doc>
<msg timestamp="20231216 08:23:53.252" level="INFO">Typing text 'Xbox Series S' into text field 'twotabsearchtextbox'.</msg>
<status status="PASS" starttime="20231216 08:23:53.251" endtime="20231216 08:23:54.026"/>
</kw>
<status status="PASS" starttime="20231216 08:23:53.251" endtime="20231216 08:23:54.026"/>
</kw>
<kw name="Clicar no botão de pesquisa" library="amazon_resources">
<kw name="Click Element" library="SeleniumLibrary">
<arg>locator=nav-search-submit-button</arg>
<doc>Click the element identified by ``locator``.</doc>
<msg timestamp="20231216 08:23:54.028" level="INFO">Clicking element 'nav-search-submit-button'.</msg>
<status status="PASS" starttime="20231216 08:23:54.027" endtime="20231216 08:23:56.452"/>
</kw>
<status status="PASS" starttime="20231216 08:23:54.027" endtime="20231216 08:23:56.453"/>
</kw>
<kw name="Verficar o resultado da pesquisa se está listando o produto &quot;Console Xbox Series S&quot;" library="amazon_resources" sourcename="Verficar o resultado da pesquisa se está listando o produto &quot;${PRODUTO}&quot;">
<kw name="Wait Until Element Is Visible" library="SeleniumLibrary">
<arg>locator=(//span[contains(.,'${PRODUTO}')])[3]</arg>
<doc>Waits until the element ``locator`` is visible.</doc>
<status status="PASS" starttime="20231216 08:23:56.457" endtime="20231216 08:23:56.984"/>
</kw>
<status status="PASS" starttime="20231216 08:23:56.456" endtime="20231216 08:23:56.984"/>
</kw>
<kw name="Fechar o navegador" library="amazon_resources" type="TEARDOWN">
<kw name="Capture Page Screenshot" library="SeleniumLibrary">
<doc>Takes a screenshot of the current page and embeds it into a log file.</doc>
<msg timestamp="20231216 08:23:59.697" level="INFO" html="true">&lt;/td&gt;&lt;/tr&gt;&lt;tr&gt;&lt;td colspan="3"&gt;&lt;a href="selenium-screenshot-4.png"&gt;&lt;img src="selenium-screenshot-4.png" width="800px"&gt;&lt;/a&gt;</msg>
<status status="PASS" starttime="20231216 08:23:57.019" endtime="20231216 08:23:59.697"/>
</kw>
<kw name="Close Browser" library="SeleniumLibrary">
<doc>Closes the current browser.</doc>
<status status="PASS" starttime="20231216 08:23:59.697" endtime="20231216 08:24:03.026"/>
</kw>
<status status="PASS" starttime="20231216 08:23:57.019" endtime="20231216 08:24:03.026"/>
</kw>
<doc>Esse teste verifica a busca de um produto</doc>
<tag>busca_produtos</tag>
<tag>lista_busca</tag>
<status status="PASS" starttime="20231216 08:23:47.073" endtime="20231216 08:24:03.026"/>
</test>
<doc>Essa suíte testa o site da Amazon.com.busca_produtos</doc>
<status status="PASS" starttime="20231216 08:23:29.120" endtime="20231216 08:24:03.026"/>
</suite>
<statistics>
<total>
<stat pass="2" fail="0" skip="0">All Tests</stat>
</total>
<tag>
<stat pass="1" fail="0" skip="0">busca_produtos</stat>
<stat pass="1" fail="0" skip="0">categorias</stat>
<stat pass="1" fail="0" skip="0">lista_busca</stat>
<stat pass="1" fail="0" skip="0">menus</stat>
</tag>
<suite>
<stat pass="2" fail="0" skip="0" id="s1" name="Amazon Testes">Amazon Testes</stat>
</suite>
</statistics>
<errors>
</errors>
</robot>
