<?xml version="1.0" encoding="UTF-8"?>
<robot generator="Robot 6.1.1 (Python 3.12.0 on win32)" generated="20231212 18:46:00.641" rpa="false" schemaversion="4">
<suite id="s1" name="Amazon Testes" source="C:\CursoUdemy\RobotFramework\WebTesting\amazon_testes.robot">
<test id="s1-t1" name="Caso de Testes 01 - Acesso ao menu &quot;Eletrônicos&quot;" line="10">
<kw name="Abrir o navegador" library="amazon_resources" type="SETUP">
<kw name="Open Browser" library="SeleniumLibrary">
<arg>browser=chrome</arg>
<doc>Opens a new browser instance to the optional ``url``.</doc>
<msg timestamp="20231212 18:46:00.988" level="INFO">Opening browser 'chrome' to base url 'None'.</msg>
<status status="PASS" starttime="20231212 18:46:00.988" endtime="20231212 18:46:05.488"/>
</kw>
<kw name="Maximize Browser Window" library="SeleniumLibrary">
<doc>Maximizes current browser window.</doc>
<status status="PASS" starttime="20231212 18:46:05.489" endtime="20231212 18:46:05.630"/>
</kw>
<status status="PASS" starttime="20231212 18:46:00.988" endtime="20231212 18:46:05.630"/>
</kw>
<kw name=" Acessar a home page do site Amazon.com.br" library="amazon_resources">
<kw name="Go To" library="SeleniumLibrary">
<arg>url=${URL}</arg>
<doc>Navigates the current browser window to the provided ``url``.</doc>
<msg timestamp="20231212 18:46:05.632" level="INFO">Opening url 'http://www.amazon.com.br'</msg>
<status status="PASS" starttime="20231212 18:46:05.632" endtime="20231212 18:46:10.160"/>
</kw>
<kw name="Wait Until Element Is Visible" library="SeleniumLibrary">
<arg>locator=${MENU_ELETRONICOS}</arg>
<doc>Waits until the element ``locator`` is visible.</doc>
<status status="PASS" starttime="20231212 18:46:10.161" endtime="20231212 18:46:10.226"/>
</kw>
<status status="PASS" starttime="20231212 18:46:05.632" endtime="20231212 18:46:10.226"/>
</kw>
<kw name="Verificar se o título da página fica &quot;Amazon.com.br | Tudo pra você, de A a Z.&quot;" library="amazon_resources" sourcename="Verificar se o título da página fica &quot;${TITULO}&quot;">
<kw name="Title Should Be" library="SeleniumLibrary">
<arg>title=${TITULO}</arg>
<doc>Verifies that the current page title equals ``title``.</doc>
<msg timestamp="20231212 18:46:10.233" level="INFO">Page title is 'Amazon.com.br | Tudo pra você, de A a Z.'.</msg>
<status status="PASS" starttime="20231212 18:46:10.227" endtime="20231212 18:46:10.233"/>
</kw>
<status status="PASS" starttime="20231212 18:46:10.227" endtime="20231212 18:46:10.234"/>
</kw>
<kw name="Entrar no menu &quot;Eletrônicos&quot;" library="amazon_resources">
<kw name="Click Element" library="SeleniumLibrary">
<arg>locator=${MENU_ELETRONICOS}</arg>
<doc>Click the element identified by ``locator``.</doc>
<msg timestamp="20231212 18:46:10.237" level="INFO">Clicking element '//a[@href='/Eletronicos-e-Tecnologia/b/?ie=UTF8&amp;node=16209062011&amp;ref_=nav_cs_electronics'][contains(.,'Eletrônicos')]'.</msg>
<status status="PASS" starttime="20231212 18:46:10.234" endtime="20231212 18:46:14.729"/>
</kw>
<status status="PASS" starttime="20231212 18:46:10.234" endtime="20231212 18:46:14.729"/>
</kw>
<kw name="Verificar se aparece a frase &quot;Eletrônicos e Tecnologia&quot;" library="amazon_resources">
<kw name="Wait Until Page Contains" library="SeleniumLibrary">
<arg>text= ${TEXTO_HEADER_ELETRONICOS}</arg>
<doc>Waits until ``text`` appears on the current page.</doc>
<status status="PASS" starttime="20231212 18:46:14.732" endtime="20231212 18:46:14.833"/>
</kw>
<kw name="Wait Until Element Is Visible" library="SeleniumLibrary">
<arg>locator=${HEADER_ELETRONICOS}</arg>
<doc>Waits until the element ``locator`` is visible.</doc>
<status status="PASS" starttime="20231212 18:46:14.834" endtime="20231212 18:46:14.995"/>
</kw>
<status status="PASS" starttime="20231212 18:46:14.731" endtime="20231212 18:46:14.995"/>
</kw>
<kw name="Verificar se o título da página fica &quot;Eletrônicos e Tecnologia | Amazon.com.br&quot;" library="amazon_resources" sourcename="Verificar se o título da página fica &quot;${TITULO}&quot;">
<kw name="Title Should Be" library="SeleniumLibrary">
<arg>title=${TITULO}</arg>
<doc>Verifies that the current page title equals ``title``.</doc>
<msg timestamp="20231212 18:46:15.046" level="INFO">Page title is 'Eletrônicos e Tecnologia | Amazon.com.br'.</msg>
<status status="PASS" starttime="20231212 18:46:14.996" endtime="20231212 18:46:15.046"/>
</kw>
<status status="PASS" starttime="20231212 18:46:14.996" endtime="20231212 18:46:15.046"/>
</kw>
<kw name="Verificar se aparece a categoria &quot;Computadores e Informática&quot;" library="amazon_resources" sourcename="Verificar se aparece a categoria &quot;${NOME_CATEGORIA}&quot;">
<kw name="Element Should Be Visible" library="SeleniumLibrary">
<arg>locator=//a[@aria-label='${NOME_CATEGORIA}']</arg>
<doc>Verifies that the element identified by ``locator`` is visible.</doc>
<msg timestamp="20231212 18:46:15.134" level="INFO">Element '//a[@aria-label='Computadores e Informática']' is displayed.</msg>
<status status="PASS" starttime="20231212 18:46:15.047" endtime="20231212 18:46:15.134"/>
</kw>
<status status="PASS" starttime="20231212 18:46:15.047" endtime="20231212 18:46:15.135"/>
</kw>
<kw name="Verificar se aparece a categoria &quot;Tablets&quot;" library="amazon_resources" sourcename="Verificar se aparece a categoria &quot;${NOME_CATEGORIA}&quot;">
<kw name="Element Should Be Visible" library="SeleniumLibrary">
<arg>locator=//a[@aria-label='${NOME_CATEGORIA}']</arg>
<doc>Verifies that the element identified by ``locator`` is visible.</doc>
<msg timestamp="20231212 18:46:15.311" level="INFO">Element '//a[@aria-label='Tablets']' is displayed.</msg>
<status status="PASS" starttime="20231212 18:46:15.136" endtime="20231212 18:46:15.311"/>
</kw>
<status status="PASS" starttime="20231212 18:46:15.135" endtime="20231212 18:46:15.311"/>
</kw>
<kw name="Fechar o navegador" library="amazon_resources" type="TEARDOWN">
<kw name="Capture Page Screenshot" library="SeleniumLibrary">
<doc>Takes a screenshot of the current page and embeds it into a log file.</doc>
<msg timestamp="20231212 18:46:15.624" level="INFO" html="true">&lt;/td&gt;&lt;/tr&gt;&lt;tr&gt;&lt;td colspan="3"&gt;&lt;a href="selenium-screenshot-81.png"&gt;&lt;img src="selenium-screenshot-81.png" width="800px"&gt;&lt;/a&gt;</msg>
<status status="PASS" starttime="20231212 18:46:15.312" endtime="20231212 18:46:15.624"/>
</kw>
<kw name="Close Browser" library="SeleniumLibrary">
<doc>Closes the current browser.</doc>
<status status="PASS" starttime="20231212 18:46:15.625" endtime="20231212 18:46:18.117"/>
</kw>
<status status="PASS" starttime="20231212 18:46:15.312" endtime="20231212 18:46:18.118"/>
</kw>
<doc>Esse teste verifica o menu eletrônico da Amazon.com.br
e verifica a categoria de computadores e informática</doc>
<tag>categorias</tag>
<tag>menus</tag>
<status status="PASS" starttime="20231212 18:46:00.987" endtime="20231212 18:46:18.119"/>
</test>
<test id="s1-t2" name="Caso de Testes 02 - Pesquisa de um Produto" line="23">
<kw name="Abrir o navegador" library="amazon_resources" type="SETUP">
<kw name="Open Browser" library="SeleniumLibrary">
<arg>browser=chrome</arg>
<doc>Opens a new browser instance to the optional ``url``.</doc>
<msg timestamp="20231212 18:46:18.126" level="INFO">Opening browser 'chrome' to base url 'None'.</msg>
<status status="PASS" starttime="20231212 18:46:18.125" endtime="20231212 18:46:21.427"/>
</kw>
<kw name="Maximize Browser Window" library="SeleniumLibrary">
<doc>Maximizes current browser window.</doc>
<status status="PASS" starttime="20231212 18:46:21.427" endtime="20231212 18:46:21.561"/>
</kw>
<status status="PASS" starttime="20231212 18:46:18.124" endtime="20231212 18:46:21.562"/>
</kw>
<kw name=" Acessar a home page do site Amazon.com.br" library="amazon_resources">
<kw name="Go To" library="SeleniumLibrary">
<arg>url=${URL}</arg>
<doc>Navigates the current browser window to the provided ``url``.</doc>
<msg timestamp="20231212 18:46:21.562" level="INFO">Opening url 'http://www.amazon.com.br'</msg>
<status status="PASS" starttime="20231212 18:46:21.562" endtime="20231212 18:46:26.122"/>
</kw>
<kw name="Wait Until Element Is Visible" library="SeleniumLibrary">
<arg>locator=${MENU_ELETRONICOS}</arg>
<doc>Waits until the element ``locator`` is visible.</doc>
<status status="PASS" starttime="20231212 18:46:26.122" endtime="20231212 18:46:26.197"/>
</kw>
<status status="PASS" starttime="20231212 18:46:21.562" endtime="20231212 18:46:26.197"/>
</kw>
<kw name="Digitar o nome de produto &quot;Xbox Series S&quot; no campo de pesquisa" library="amazon_resources" sourcename="Digitar o nome de produto &quot;${PRODUTO}&quot; no campo de pesquisa">
<kw name="Input Text" library="SeleniumLibrary">
<arg>locator=twotabsearchtextbox</arg>
<arg>text=${PRODUTO}</arg>
<doc>Types the given ``text`` into the text field identified by ``locator``.</doc>
<msg timestamp="20231212 18:46:26.199" level="INFO">Typing text 'Xbox Series S' into text field 'twotabsearchtextbox'.</msg>
<status status="PASS" starttime="20231212 18:46:26.198" endtime="20231212 18:46:26.582"/>
</kw>
<status status="PASS" starttime="20231212 18:46:26.198" endtime="20231212 18:46:26.582"/>
</kw>
<kw name="Clicar no botão de pesquisa" library="amazon_resources">
<kw name="Click Element" library="SeleniumLibrary">
<arg>locator=nav-search-submit-button</arg>
<doc>Click the element identified by ``locator``.</doc>
<msg timestamp="20231212 18:46:26.584" level="INFO">Clicking element 'nav-search-submit-button'.</msg>
<status status="PASS" starttime="20231212 18:46:26.583" endtime="20231212 18:46:28.559"/>
</kw>
<status status="PASS" starttime="20231212 18:46:26.583" endtime="20231212 18:46:28.559"/>
</kw>
<kw name="Verficar o resultado da pesquisa se está listando o produto &quot;Console Xbox Series S&quot;" library="amazon_resources" sourcename="Verficar o resultado da pesquisa se está listando o produto &quot;${PRODUTO}&quot;">
<kw name="Wait Until Element Is Visible" library="SeleniumLibrary">
<arg>locator=(//span[contains(.,'${PRODUTO}')])[3]</arg>
<doc>Waits until the element ``locator`` is visible.</doc>
<status status="PASS" starttime="20231212 18:46:28.559" endtime="20231212 18:46:28.613"/>
</kw>
<status status="PASS" starttime="20231212 18:46:28.559" endtime="20231212 18:46:28.613"/>
</kw>
<kw name="Fechar o navegador" library="amazon_resources" type="TEARDOWN">
<kw name="Capture Page Screenshot" library="SeleniumLibrary">
<doc>Takes a screenshot of the current page and embeds it into a log file.</doc>
<msg timestamp="20231212 18:46:29.013" level="INFO" html="true">&lt;/td&gt;&lt;/tr&gt;&lt;tr&gt;&lt;td colspan="3"&gt;&lt;a href="selenium-screenshot-82.png"&gt;&lt;img src="selenium-screenshot-82.png" width="800px"&gt;&lt;/a&gt;</msg>
<status status="PASS" starttime="20231212 18:46:28.614" endtime="20231212 18:46:29.013"/>
</kw>
<kw name="Close Browser" library="SeleniumLibrary">
<doc>Closes the current browser.</doc>
<status status="PASS" starttime="20231212 18:46:29.013" endtime="20231212 18:46:31.409"/>
</kw>
<status status="PASS" starttime="20231212 18:46:28.613" endtime="20231212 18:46:31.409"/>
</kw>
<doc>Esse teste verifica a busca de um produto</doc>
<tag>busca_produtos</tag>
<tag>lista_busca</tag>
<status status="PASS" starttime="20231212 18:46:18.122" endtime="20231212 18:46:31.410"/>
</test>
<doc>Essa suíte testa o site da Amazon.com.busca_produtos</doc>
<status status="PASS" starttime="20231212 18:46:00.642" endtime="20231212 18:46:31.412"/>
</suite>
<statistics>
<total>
<stat pass="2" fail="0" skip="0">All Tests</stat>
</total>
<tag>
<stat pass="1" fail="0" skip="0">busca_produtos</stat>
<stat pass="1" fail="0" skip="0">categorias</stat>
<stat pass="1" fail="0" skip="0">lista_busca</stat>
<stat pass="1" fail="0" skip="0">menus</stat>
</tag>
<suite>
<stat pass="2" fail="0" skip="0" id="s1" name="Amazon Testes">Amazon Testes</stat>
</suite>
</statistics>
<errors>
</errors>
</robot>
