<?xml version="1.0" encoding="UTF-8"?>
<robot generator="Robot 6.1.1 (Python 3.12.0 on win32)" generated="20231215 12:59:34.635" rpa="false" schemaversion="4">
<suite id="s1" name="Amazon Testes Copy" source="C:\CursoUdemy\RobotFramework\WebTesting\amazon_testes copy.robot">
<test id="s1-t1" name="Caso de Testes 01 - Acesso ao menu &quot;Eletrônicos&quot;" line="10">
<kw name="Abrir o navegador" library="amazon_resources" type="SETUP">
<kw name="Open Browser" library="SeleniumLibrary">
<arg>browser=chrome</arg>
<doc>Opens a new browser instance to the optional ``url``.</doc>
<msg timestamp="20231215 12:59:34.873" level="INFO">Opening browser 'chrome' to base url 'None'.</msg>
<status status="PASS" starttime="20231215 12:59:34.873" endtime="20231215 12:59:40.615"/>
</kw>
<kw name="Maximize Browser Window" library="SeleniumLibrary">
<doc>Maximizes current browser window.</doc>
<status status="PASS" starttime="20231215 12:59:40.615" endtime="20231215 12:59:40.748"/>
</kw>
<status status="PASS" starttime="20231215 12:59:34.873" endtime="20231215 12:59:40.748"/>
</kw>
<kw name="Dado que esteja no site Amazon.com.br" library="amazon_resources">
<kw name=" Acessar a home page do site Amazon.com.br" library="amazon_resources">
<kw name="Go To" library="SeleniumLibrary">
<arg>url=${URL}</arg>
<doc>Navigates the current browser window to the provided ``url``.</doc>
<msg timestamp="20231215 12:59:40.754" level="INFO">Opening url 'http://www.amazon.com.br'</msg>
<status status="PASS" starttime="20231215 12:59:40.754" endtime="20231215 12:59:49.478"/>
</kw>
<kw name="Wait Until Element Is Visible" library="SeleniumLibrary">
<arg>locator=${MENU_ELETRONICOS}</arg>
<doc>Waits until the element ``locator`` is visible.</doc>
<status status="PASS" starttime="20231215 12:59:49.478" endtime="20231215 12:59:49.525"/>
</kw>
<status status="PASS" starttime="20231215 12:59:40.754" endtime="20231215 12:59:49.525"/>
</kw>
<kw name="Verificar se o título da página fica &quot;Amazon.com.br | Tudo pra você, de A a Z.&quot;" library="amazon_resources" sourcename="Verificar se o título da página fica &quot;${TITULO}&quot;">
<kw name="Title Should Be" library="SeleniumLibrary">
<arg>title=${TITULO}</arg>
<doc>Verifies that the current page title equals ``title``.</doc>
<msg timestamp="20231215 12:59:49.528" level="INFO">Page title is 'Amazon.com.br | Tudo pra você, de A a Z.'.</msg>
<status status="PASS" starttime="20231215 12:59:49.525" endtime="20231215 12:59:49.528"/>
</kw>
<status status="PASS" starttime="20231215 12:59:49.525" endtime="20231215 12:59:49.530"/>
</kw>
<status status="PASS" starttime="20231215 12:59:40.754" endtime="20231215 12:59:49.530"/>
</kw>
<kw name="Quando acessar o menu &quot;Eletrônicos&quot;" library="amazon_resources">
<kw name="Entrar no menu &quot;Eletrônicos&quot;" library="amazon_resources">
<kw name="Click Element" library="SeleniumLibrary">
<arg>locator=${MENU_ELETRONICOS}</arg>
<doc>Click the element identified by ``locator``.</doc>
<msg timestamp="20231215 12:59:49.530" level="INFO">Clicking element '//a[@href='/Eletronicos-e-Tecnologia/b/?ie=UTF8&amp;node=16209062011&amp;ref_=nav_cs_electronics'][contains(.,'Eletrônicos')]'.</msg>
<status status="PASS" starttime="20231215 12:59:49.530" endtime="20231215 12:59:55.794"/>
</kw>
<status status="PASS" starttime="20231215 12:59:49.530" endtime="20231215 12:59:55.794"/>
</kw>
<status status="PASS" starttime="20231215 12:59:49.530" endtime="20231215 12:59:55.794"/>
</kw>
<kw name="E Verificar se o título da página fica &quot;Eletrônicos e Tecnologia | Amazon.com.br&quot;" library="amazon_resources">
<kw name="Verificar se o título da página fica &quot;Eletrônicos e Tecnologia | Amazon.com.br&quot;" library="amazon_resources" sourcename="Verificar se o título da página fica &quot;${TITULO}&quot;">
<kw name="Title Should Be" library="SeleniumLibrary">
<arg>title=${TITULO}</arg>
<doc>Verifies that the current page title equals ``title``.</doc>
<msg timestamp="20231215 12:59:55.810" level="INFO">Page title is 'Eletrônicos e Tecnologia | Amazon.com.br'.</msg>
<status status="PASS" starttime="20231215 12:59:55.795" endtime="20231215 12:59:55.810"/>
</kw>
<status status="PASS" starttime="20231215 12:59:55.795" endtime="20231215 12:59:55.810"/>
</kw>
<status status="PASS" starttime="20231215 12:59:55.794" endtime="20231215 12:59:55.810"/>
</kw>
<kw name="E Verificar se aparece a frase &quot;Eletrônicos e Tecnologia&quot;" library="amazon_resources">
<kw name="Verificar se aparece a frase &quot;Eletrônicos e Tecnologia&quot;" library="amazon_resources">
<kw name="Wait Until Page Contains" library="SeleniumLibrary">
<arg>text= ${TEXTO_HEADER_ELETRONICOS}</arg>
<doc>Waits until ``text`` appears on the current page.</doc>
<status status="PASS" starttime="20231215 12:59:55.811" endtime="20231215 12:59:55.863"/>
</kw>
<kw name="Wait Until Element Is Visible" library="SeleniumLibrary">
<arg>locator=${HEADER_ELETRONICOS}</arg>
<doc>Waits until the element ``locator`` is visible.</doc>
<status status="PASS" starttime="20231215 12:59:55.863" endtime="20231215 12:59:55.933"/>
</kw>
<status status="PASS" starttime="20231215 12:59:55.811" endtime="20231215 12:59:55.933"/>
</kw>
<status status="PASS" starttime="20231215 12:59:55.811" endtime="20231215 12:59:55.933"/>
</kw>
<kw name="Então Verificar se aparece a categoria &quot;Computadores e Informática&quot;" library="amazon_resources">
<kw name="Verificar se aparece a categoria &quot;Computadores e Informática&quot;" library="amazon_resources" sourcename="Verificar se aparece a categoria &quot;${NOME_CATEGORIA}&quot;">
<kw name="Element Should Be Visible" library="SeleniumLibrary">
<arg>locator=//a[@aria-label='${NOME_CATEGORIA}']</arg>
<doc>Verifies that the element identified by ``locator`` is visible.</doc>
<msg timestamp="20231215 12:59:56.018" level="INFO">Element '//a[@aria-label='Computadores e Informática']' is displayed.</msg>
<status status="PASS" starttime="20231215 12:59:55.933" endtime="20231215 12:59:56.018"/>
</kw>
<status status="PASS" starttime="20231215 12:59:55.933" endtime="20231215 12:59:56.018"/>
</kw>
<status status="PASS" starttime="20231215 12:59:55.933" endtime="20231215 12:59:56.018"/>
</kw>
<kw name="Fechar o navegador" library="amazon_resources" type="TEARDOWN">
<kw name="Capture Page Screenshot" library="SeleniumLibrary">
<doc>Takes a screenshot of the current page and embeds it into a log file.</doc>
<msg timestamp="20231215 12:59:56.491" level="INFO" html="true">&lt;/td&gt;&lt;/tr&gt;&lt;tr&gt;&lt;td colspan="3"&gt;&lt;a href="selenium-screenshot-1.png"&gt;&lt;img src="selenium-screenshot-1.png" width="800px"&gt;&lt;/a&gt;</msg>
<status status="PASS" starttime="20231215 12:59:56.019" endtime="20231215 12:59:56.491"/>
</kw>
<kw name="Close Browser" library="SeleniumLibrary">
<doc>Closes the current browser.</doc>
<status status="PASS" starttime="20231215 12:59:56.491" endtime="20231215 12:59:58.839"/>
</kw>
<status status="PASS" starttime="20231215 12:59:56.019" endtime="20231215 12:59:58.839"/>
</kw>
<doc>Esse teste verifica o menu eletrônico da Amazon.com.br
e verifica a categoria de computadores e informática</doc>
<tag>bdd</tag>
<tag>categorias</tag>
<status status="PASS" starttime="20231215 12:59:34.873" endtime="20231215 12:59:58.839"/>
</test>
<test id="s1-t2" name="Caso de Testes 02 - Pesquisa de um Produto" line="21">
<kw name="Abrir o navegador" library="amazon_resources" type="SETUP">
<kw name="Open Browser" library="SeleniumLibrary">
<arg>browser=chrome</arg>
<doc>Opens a new browser instance to the optional ``url``.</doc>
<msg timestamp="20231215 12:59:58.839" level="INFO">Opening browser 'chrome' to base url 'None'.</msg>
<status status="PASS" starttime="20231215 12:59:58.839" endtime="20231215 13:00:02.199"/>
</kw>
<kw name="Maximize Browser Window" library="SeleniumLibrary">
<doc>Maximizes current browser window.</doc>
<status status="PASS" starttime="20231215 13:00:02.199" endtime="20231215 13:00:02.320"/>
</kw>
<status status="PASS" starttime="20231215 12:59:58.839" endtime="20231215 13:00:02.320"/>
</kw>
<kw name="Dado que esteja no site Amazon.com.br" library="amazon_resources">
<kw name=" Acessar a home page do site Amazon.com.br" library="amazon_resources">
<kw name="Go To" library="SeleniumLibrary">
<arg>url=${URL}</arg>
<doc>Navigates the current browser window to the provided ``url``.</doc>
<msg timestamp="20231215 13:00:02.321" level="INFO">Opening url 'http://www.amazon.com.br'</msg>
<status status="PASS" starttime="20231215 13:00:02.321" endtime="20231215 13:00:09.072"/>
</kw>
<kw name="Wait Until Element Is Visible" library="SeleniumLibrary">
<arg>locator=${MENU_ELETRONICOS}</arg>
<doc>Waits until the element ``locator`` is visible.</doc>
<status status="PASS" starttime="20231215 13:00:09.072" endtime="20231215 13:00:09.140"/>
</kw>
<status status="PASS" starttime="20231215 13:00:02.321" endtime="20231215 13:00:09.141"/>
</kw>
<kw name="Verificar se o título da página fica &quot;Amazon.com.br | Tudo pra você, de A a Z.&quot;" library="amazon_resources" sourcename="Verificar se o título da página fica &quot;${TITULO}&quot;">
<kw name="Title Should Be" library="SeleniumLibrary">
<arg>title=${TITULO}</arg>
<doc>Verifies that the current page title equals ``title``.</doc>
<msg timestamp="20231215 13:00:09.147" level="INFO">Page title is 'Amazon.com.br | Tudo pra você, de A a Z.'.</msg>
<status status="PASS" starttime="20231215 13:00:09.141" endtime="20231215 13:00:09.147"/>
</kw>
<status status="PASS" starttime="20231215 13:00:09.141" endtime="20231215 13:00:09.147"/>
</kw>
<status status="PASS" starttime="20231215 13:00:02.321" endtime="20231215 13:00:09.147"/>
</kw>
<kw name="Quando Digitar o nome de produto &quot;Xbox Series S&quot; no campo de pesquisa" library="amazon_resources">
<kw name="Digitar o nome de produto &quot;Xbox Series S&quot; no campo de pesquisa" library="amazon_resources" sourcename="Digitar o nome de produto &quot;${PRODUTO}&quot; no campo de pesquisa">
<kw name="Input Text" library="SeleniumLibrary">
<arg>locator=twotabsearchtextbox</arg>
<arg>text=${PRODUTO}</arg>
<doc>Types the given ``text`` into the text field identified by ``locator``.</doc>
<msg timestamp="20231215 13:00:09.148" level="INFO">Typing text 'Xbox Series S' into text field 'twotabsearchtextbox'.</msg>
<status status="PASS" starttime="20231215 13:00:09.148" endtime="20231215 13:00:09.480"/>
</kw>
<status status="PASS" starttime="20231215 13:00:09.148" endtime="20231215 13:00:09.480"/>
</kw>
<kw name="Clicar no botão de pesquisa" library="amazon_resources">
<kw name="Click Element" library="SeleniumLibrary">
<arg>locator=nav-search-submit-button</arg>
<doc>Click the element identified by ``locator``.</doc>
<msg timestamp="20231215 13:00:09.480" level="INFO">Clicking element 'nav-search-submit-button'.</msg>
<status status="PASS" starttime="20231215 13:00:09.480" endtime="20231215 13:00:12.356"/>
</kw>
<status status="PASS" starttime="20231215 13:00:09.480" endtime="20231215 13:00:12.356"/>
</kw>
<status status="PASS" starttime="20231215 13:00:09.148" endtime="20231215 13:00:12.356"/>
</kw>
<kw name="Clicar no botão de pesquisa" library="amazon_resources">
<kw name="Click Element" library="SeleniumLibrary">
<arg>locator=nav-search-submit-button</arg>
<doc>Click the element identified by ``locator``.</doc>
<msg timestamp="20231215 13:00:12.359" level="INFO">Clicking element 'nav-search-submit-button'.</msg>
<status status="PASS" starttime="20231215 13:00:12.358" endtime="20231215 13:00:13.963"/>
</kw>
<status status="PASS" starttime="20231215 13:00:12.357" endtime="20231215 13:00:13.963"/>
</kw>
<kw name="Então Verficar o resultado da pesquisa se está listando o produto &quot;Console Xbox Series S&quot;" library="amazon_resources">
<kw name="Verficar o resultado da pesquisa se está listando o produto &quot;Console Xbox Series S&quot;" library="amazon_resources" sourcename="Verficar o resultado da pesquisa se está listando o produto &quot;${PRODUTO}&quot;">
<kw name="Wait Until Element Is Visible" library="SeleniumLibrary">
<arg>locator=(//span[contains(.,'${PRODUTO}')])[3]</arg>
<doc>Waits until the element ``locator`` is visible.</doc>
<status status="PASS" starttime="20231215 13:00:13.963" endtime="20231215 13:00:13.984"/>
</kw>
<status status="PASS" starttime="20231215 13:00:13.963" endtime="20231215 13:00:13.984"/>
</kw>
<status status="PASS" starttime="20231215 13:00:13.963" endtime="20231215 13:00:13.984"/>
</kw>
<kw name="Fechar o navegador" library="amazon_resources" type="TEARDOWN">
<kw name="Capture Page Screenshot" library="SeleniumLibrary">
<doc>Takes a screenshot of the current page and embeds it into a log file.</doc>
<msg timestamp="20231215 13:00:14.200" level="INFO" html="true">&lt;/td&gt;&lt;/tr&gt;&lt;tr&gt;&lt;td colspan="3"&gt;&lt;a href="selenium-screenshot-2.png"&gt;&lt;img src="selenium-screenshot-2.png" width="800px"&gt;&lt;/a&gt;</msg>
<status status="PASS" starttime="20231215 13:00:13.984" endtime="20231215 13:00:14.200"/>
</kw>
<kw name="Close Browser" library="SeleniumLibrary">
<doc>Closes the current browser.</doc>
<status status="PASS" starttime="20231215 13:00:14.200" endtime="20231215 13:00:16.406"/>
</kw>
<status status="PASS" starttime="20231215 13:00:13.984" endtime="20231215 13:00:16.406"/>
</kw>
<doc>Esse teste verifica a busca de um produto</doc>
<tag>busca_produtos</tag>
<tag>lista_busca</tag>
<status status="PASS" starttime="20231215 12:59:58.839" endtime="20231215 13:00:16.406"/>
</test>
<doc>Essa suíte testa o site da Amazon.com.busca_produtos</doc>
<status status="PASS" starttime="20231215 12:59:34.635" endtime="20231215 13:00:16.406"/>
</suite>
<statistics>
<total>
<stat pass="2" fail="0" skip="0">All Tests</stat>
</total>
<tag>
<stat pass="1" fail="0" skip="0">bdd</stat>
<stat pass="1" fail="0" skip="0">busca_produtos</stat>
<stat pass="1" fail="0" skip="0">categorias</stat>
<stat pass="1" fail="0" skip="0">lista_busca</stat>
</tag>
<suite>
<stat pass="2" fail="0" skip="0" id="s1" name="Amazon Testes Copy">Amazon Testes Copy</stat>
</suite>
</statistics>
<errors>
</errors>
</robot>
